<?xml version="1.0" encoding="UTF-8"?>
<testsuites>
  <testsuite id="0" name="/home/dperez/git/angular-jest/src/app/data/data.service.spec.ts" errors="0" package="/home/dperez/git/angular-jest/src/app/data/data.service.spec.ts" hostname="localhost" tests="1" failures="0" time="2.77" timestamp="2023-08-02T21:39:44">
    <properties>
    </properties>
    <testcase classname="DataService" name="should be created" time="0">
    </testcase>
    <system-out/>
    <system-err/>
  </testsuite>
  <testsuite id="1" name="/home/dperez/git/angular-jest/src/app/data/data.component.spec.ts" errors="0" package="/home/dperez/git/angular-jest/src/app/data/data.component.spec.ts" hostname="localhost" tests="2" failures="0" time="2.876" timestamp="2023-08-02T21:39:44">
    <properties>
    </properties>
    <testcase classname="DataComponent" name="should create" time="0">
    </testcase>
    <testcase classname="DataComponent" name="should fetch data from the service and display it" time="0">
    </testcase>
    <system-out/>
    <system-err/>
  </testsuite>
</testsuites>